[2025-08-20T21:01:10.325+0000] {manager.py:487} INFO - Processing files using up to 2 processes at a time 
[2025-08-20T21:01:10.326+0000] {manager.py:488} INFO - Process each file at most once every 30 seconds
[2025-08-20T21:01:10.326+0000] {manager.py:489} INFO - Checking for new files in /opt/airflow/dags every 300 seconds
[2025-08-20T21:01:10.328+0000] {manager.py:759} INFO - Searching for files in /opt/airflow/dags
[2025-08-20T21:01:10.335+0000] {manager.py:762} INFO - There are 1 files in /opt/airflow/dags
[2025-08-20T21:01:10.383+0000] {manager.py:893} INFO - 
================================================================================
DAG File Processing Stats

File Path                                  PID  Runtime      # DAGs    # Errors  Last Runtime    Last Run
---------------------------------------  -----  ---------  --------  ----------  --------------  ----------
/opt/airflow/dags/crypto_ml_pipeline.py    171  0.02s             0           0
================================================================================
[2025-08-20T21:01:40.572+0000] {manager.py:893} INFO - 
================================================================================
DAG File Processing Stats

File Path                                  PID  Runtime      # DAGs    # Errors  Last Runtime    Last Run
---------------------------------------  -----  ---------  --------  ----------  --------------  -------------------
/opt/airflow/dags/crypto_ml_pipeline.py    176  0.00s             0           1  0.03s           2025-08-20T21:01:10
================================================================================
[2025-08-20T21:02:10.891+0000] {manager.py:893} INFO - 
================================================================================
DAG File Processing Stats

File Path                                  PID  Runtime      # DAGs    # Errors  Last Runtime    Last Run
---------------------------------------  -----  ---------  --------  ----------  --------------  -------------------
/opt/airflow/dags/crypto_ml_pipeline.py    181  0.00s             0           1  0.03s           2025-08-20T21:01:40
================================================================================
[2025-08-20T21:02:41.101+0000] {manager.py:893} INFO - 
================================================================================
DAG File Processing Stats

File Path                                  PID  Runtime      # DAGs    # Errors  Last Runtime    Last Run
---------------------------------------  -----  ---------  --------  ----------  --------------  -------------------
/opt/airflow/dags/crypto_ml_pipeline.py    186  0.01s             0           1  0.02s           2025-08-20T21:02:10
================================================================================
[2025-08-20T21:03:11.315+0000] {manager.py:893} INFO - 
================================================================================
DAG File Processing Stats

File Path                                  PID  Runtime      # DAGs    # Errors  Last Runtime    Last Run
---------------------------------------  -----  ---------  --------  ----------  --------------  -------------------
/opt/airflow/dags/crypto_ml_pipeline.py    191  0.00s             0           1  0.03s           2025-08-20T21:02:41
================================================================================
[2025-08-20T21:03:41.581+0000] {manager.py:893} INFO - 
================================================================================
DAG File Processing Stats

File Path                                  PID  Runtime      # DAGs    # Errors  Last Runtime    Last Run
---------------------------------------  -----  ---------  --------  ----------  --------------  -------------------
/opt/airflow/dags/crypto_ml_pipeline.py    196  0.01s             0           1  0.03s           2025-08-20T21:03:11
================================================================================
[2025-08-20T21:04:11.846+0000] {manager.py:893} INFO - 
================================================================================
DAG File Processing Stats

File Path                                  PID  Runtime      # DAGs    # Errors  Last Runtime    Last Run
---------------------------------------  -----  ---------  --------  ----------  --------------  -------------------
/opt/airflow/dags/crypto_ml_pipeline.py    201  0.00s             0           1  0.04s           2025-08-20T21:03:41
================================================================================
[2025-08-20T21:04:42.105+0000] {manager.py:893} INFO - 
================================================================================
DAG File Processing Stats

File Path                                  PID  Runtime      # DAGs    # Errors  Last Runtime    Last Run
---------------------------------------  -----  ---------  --------  ----------  --------------  -------------------
/opt/airflow/dags/crypto_ml_pipeline.py    206  0.00s             0           1  0.03s           2025-08-20T21:04:11
================================================================================
[2025-08-20T21:05:12.374+0000] {manager.py:893} INFO - 
================================================================================
DAG File Processing Stats

File Path                                  PID  Runtime      # DAGs    # Errors  Last Runtime    Last Run
---------------------------------------  -----  ---------  --------  ----------  --------------  -------------------
/opt/airflow/dags/crypto_ml_pipeline.py    211  0.00s             0           1  0.03s           2025-08-20T21:04:42
================================================================================
[2025-08-20T21:05:42.638+0000] {manager.py:893} INFO - 
================================================================================
DAG File Processing Stats

File Path                                  PID  Runtime      # DAGs    # Errors  Last Runtime    Last Run
---------------------------------------  -----  ---------  --------  ----------  --------------  -------------------
/opt/airflow/dags/crypto_ml_pipeline.py    216  0.00s             0           1  0.03s           2025-08-20T21:05:12
================================================================================
[2025-08-20T21:06:10.891+0000] {manager.py:759} INFO - Searching for files in /opt/airflow/dags
[2025-08-20T21:06:10.897+0000] {manager.py:762} INFO - There are 1 files in /opt/airflow/dags
[2025-08-20T21:06:12.938+0000] {manager.py:893} INFO - 
================================================================================
DAG File Processing Stats

File Path                                  PID  Runtime      # DAGs    # Errors  Last Runtime    Last Run
---------------------------------------  -----  ---------  --------  ----------  --------------  -------------------
/opt/airflow/dags/crypto_ml_pipeline.py    221  0.01s             0           1  0.03s           2025-08-20T21:05:42
================================================================================
[2025-08-20T21:06:43.200+0000] {manager.py:893} INFO - 
================================================================================
DAG File Processing Stats

File Path                                  PID  Runtime      # DAGs    # Errors  Last Runtime    Last Run
---------------------------------------  -----  ---------  --------  ----------  --------------  -------------------
/opt/airflow/dags/crypto_ml_pipeline.py    226  0.00s             0           1  0.03s           2025-08-20T21:06:12
================================================================================
[2025-08-20T21:07:13.461+0000] {manager.py:893} INFO - 
================================================================================
DAG File Processing Stats

File Path                                  PID  Runtime      # DAGs    # Errors  Last Runtime    Last Run
---------------------------------------  -----  ---------  --------  ----------  --------------  -------------------
/opt/airflow/dags/crypto_ml_pipeline.py    231  0.00s             0           1  0.03s           2025-08-20T21:06:43
================================================================================
[2025-08-20T21:07:43.704+0000] {manager.py:893} INFO - 
================================================================================
DAG File Processing Stats

File Path                                  PID  Runtime      # DAGs    # Errors  Last Runtime    Last Run
---------------------------------------  -----  ---------  --------  ----------  --------------  -------------------
/opt/airflow/dags/crypto_ml_pipeline.py    236  0.00s             0           1  0.03s           2025-08-20T21:07:13
================================================================================
[2025-08-20T21:08:13.962+0000] {manager.py:893} INFO - 
================================================================================
DAG File Processing Stats

File Path                                  PID  Runtime      # DAGs    # Errors  Last Runtime    Last Run
---------------------------------------  -----  ---------  --------  ----------  --------------  -------------------
/opt/airflow/dags/crypto_ml_pipeline.py    241  0.00s             0           1  0.03s           2025-08-20T21:07:43
================================================================================
[2025-08-20T21:08:44.220+0000] {manager.py:893} INFO - 
================================================================================
DAG File Processing Stats

File Path                                  PID  Runtime      # DAGs    # Errors  Last Runtime    Last Run
---------------------------------------  -----  ---------  --------  ----------  --------------  -------------------
/opt/airflow/dags/crypto_ml_pipeline.py    246  0.01s             0           1  0.03s           2025-08-20T21:08:13
================================================================================
[2025-08-20T21:09:14.472+0000] {manager.py:893} INFO - 
================================================================================
DAG File Processing Stats

File Path                                  PID  Runtime      # DAGs    # Errors  Last Runtime    Last Run
---------------------------------------  -----  ---------  --------  ----------  --------------  -------------------
/opt/airflow/dags/crypto_ml_pipeline.py    251  0.00s             0           1  0.03s           2025-08-20T21:08:44
================================================================================
[2025-08-20T21:09:44.733+0000] {manager.py:893} INFO - 
================================================================================
DAG File Processing Stats

File Path                                  PID  Runtime      # DAGs    # Errors  Last Runtime    Last Run
---------------------------------------  -----  ---------  --------  ----------  --------------  -------------------
/opt/airflow/dags/crypto_ml_pipeline.py    256  0.00s             0           1  0.03s           2025-08-20T21:09:14
================================================================================
[2025-08-20T21:10:15.010+0000] {manager.py:893} INFO - 
================================================================================
DAG File Processing Stats

File Path                                  PID  Runtime      # DAGs    # Errors  Last Runtime    Last Run
---------------------------------------  -----  ---------  --------  ----------  --------------  -------------------
/opt/airflow/dags/crypto_ml_pipeline.py    261  0.00s             0           1  0.03s           2025-08-20T21:09:44
================================================================================
[2025-08-20T21:10:45.301+0000] {manager.py:893} INFO - 
================================================================================
DAG File Processing Stats

File Path                                  PID  Runtime      # DAGs    # Errors  Last Runtime    Last Run
---------------------------------------  -----  ---------  --------  ----------  --------------  -------------------
/opt/airflow/dags/crypto_ml_pipeline.py    266  0.00s             0           1  0.03s           2025-08-20T21:10:15
================================================================================
[2025-08-20T21:11:11.554+0000] {manager.py:759} INFO - Searching for files in /opt/airflow/dags
[2025-08-20T21:11:11.564+0000] {manager.py:762} INFO - There are 1 files in /opt/airflow/dags
[2025-08-20T21:11:15.614+0000] {manager.py:893} INFO - 
================================================================================
DAG File Processing Stats

File Path                                  PID  Runtime      # DAGs    # Errors  Last Runtime    Last Run
---------------------------------------  -----  ---------  --------  ----------  --------------  -------------------
/opt/airflow/dags/crypto_ml_pipeline.py    271  0.00s             0           1  0.03s           2025-08-20T21:10:45
================================================================================
[2025-08-20T21:11:45.880+0000] {manager.py:893} INFO - 
================================================================================
DAG File Processing Stats

File Path                                  PID  Runtime      # DAGs    # Errors  Last Runtime    Last Run
---------------------------------------  -----  ---------  --------  ----------  --------------  -------------------
/opt/airflow/dags/crypto_ml_pipeline.py    276  0.01s             0           1  0.03s           2025-08-20T21:11:15
================================================================================
[2025-08-20T21:12:16.135+0000] {manager.py:893} INFO - 
================================================================================
DAG File Processing Stats

File Path                                  PID  Runtime      # DAGs    # Errors  Last Runtime    Last Run
---------------------------------------  -----  ---------  --------  ----------  --------------  -------------------
/opt/airflow/dags/crypto_ml_pipeline.py    281  0.00s             0           1  0.03s           2025-08-20T21:11:45
================================================================================
[2025-08-20T21:12:46.392+0000] {manager.py:893} INFO - 
================================================================================
DAG File Processing Stats

File Path                                  PID  Runtime      # DAGs    # Errors  Last Runtime    Last Run
---------------------------------------  -----  ---------  --------  ----------  --------------  -------------------
/opt/airflow/dags/crypto_ml_pipeline.py    286  0.00s             0           1  0.03s           2025-08-20T21:12:16
================================================================================
[2025-08-20T21:13:16.679+0000] {manager.py:893} INFO - 
================================================================================
DAG File Processing Stats

File Path                                  PID  Runtime      # DAGs    # Errors  Last Runtime    Last Run
---------------------------------------  -----  ---------  --------  ----------  --------------  -------------------
/opt/airflow/dags/crypto_ml_pipeline.py    291  0.00s             0           1  0.03s           2025-08-20T21:12:46
================================================================================
[2025-08-20T21:13:46.958+0000] {manager.py:893} INFO - 
================================================================================
DAG File Processing Stats

File Path                                  PID  Runtime      # DAGs    # Errors  Last Runtime    Last Run
---------------------------------------  -----  ---------  --------  ----------  --------------  -------------------
/opt/airflow/dags/crypto_ml_pipeline.py    296  0.01s             0           1  0.03s           2025-08-20T21:13:16
================================================================================
[2025-08-20T21:14:17.244+0000] {manager.py:893} INFO - 
================================================================================
DAG File Processing Stats

File Path                                  PID  Runtime      # DAGs    # Errors  Last Runtime    Last Run
---------------------------------------  -----  ---------  --------  ----------  --------------  -------------------
/opt/airflow/dags/crypto_ml_pipeline.py    301  0.00s             0           1  0.03s           2025-08-20T21:13:46
================================================================================
[2025-08-20T21:14:47.515+0000] {manager.py:893} INFO - 
================================================================================
DAG File Processing Stats

File Path                                  PID  Runtime      # DAGs    # Errors  Last Runtime    Last Run
---------------------------------------  -----  ---------  --------  ----------  --------------  -------------------
/opt/airflow/dags/crypto_ml_pipeline.py    306  0.00s             0           1  0.03s           2025-08-20T21:14:17
================================================================================
[2025-08-20T21:15:17.793+0000] {manager.py:893} INFO - 
================================================================================
DAG File Processing Stats

File Path                                  PID  Runtime      # DAGs    # Errors  Last Runtime    Last Run
---------------------------------------  -----  ---------  --------  ----------  --------------  -------------------
/opt/airflow/dags/crypto_ml_pipeline.py    311  0.00s             0           1  0.03s           2025-08-20T21:14:47
================================================================================
[2025-08-20T21:15:48.067+0000] {manager.py:893} INFO - 
================================================================================
DAG File Processing Stats

File Path                                  PID  Runtime      # DAGs    # Errors  Last Runtime    Last Run
---------------------------------------  -----  ---------  --------  ----------  --------------  -------------------
/opt/airflow/dags/crypto_ml_pipeline.py    316  0.00s             0           1  0.03s           2025-08-20T21:15:17
================================================================================
[2025-08-20T21:16:12.301+0000] {manager.py:759} INFO - Searching for files in /opt/airflow/dags
[2025-08-20T21:16:12.310+0000] {manager.py:762} INFO - There are 1 files in /opt/airflow/dags
[2025-08-20T21:16:18.380+0000] {manager.py:893} INFO - 
================================================================================
DAG File Processing Stats

File Path                                  PID  Runtime      # DAGs    # Errors  Last Runtime    Last Run
---------------------------------------  -----  ---------  --------  ----------  --------------  -------------------
/opt/airflow/dags/crypto_ml_pipeline.py    321  0.00s             0           1  0.03s           2025-08-20T21:15:48
================================================================================
[2025-08-20T21:16:48.657+0000] {manager.py:893} INFO - 
================================================================================
DAG File Processing Stats

File Path                                  PID  Runtime      # DAGs    # Errors  Last Runtime    Last Run
---------------------------------------  -----  ---------  --------  ----------  --------------  -------------------
/opt/airflow/dags/crypto_ml_pipeline.py    326  0.00s             0           1  0.03s           2025-08-20T21:16:18
================================================================================
[2025-08-20T21:17:18.944+0000] {manager.py:893} INFO - 
================================================================================
DAG File Processing Stats

File Path                                  PID  Runtime      # DAGs    # Errors  Last Runtime    Last Run
---------------------------------------  -----  ---------  --------  ----------  --------------  -------------------
/opt/airflow/dags/crypto_ml_pipeline.py    331  0.00s             0           1  0.03s           2025-08-20T21:16:48
================================================================================
[2025-08-20T21:17:49.230+0000] {manager.py:893} INFO - 
================================================================================
DAG File Processing Stats

File Path                                  PID  Runtime      # DAGs    # Errors  Last Runtime    Last Run
---------------------------------------  -----  ---------  --------  ----------  --------------  -------------------
/opt/airflow/dags/crypto_ml_pipeline.py    336  0.00s             0           1  0.03s           2025-08-20T21:17:18
================================================================================
[2025-08-20T21:18:19.521+0000] {manager.py:893} INFO - 
================================================================================
DAG File Processing Stats

File Path                                  PID  Runtime      # DAGs    # Errors  Last Runtime    Last Run
---------------------------------------  -----  ---------  --------  ----------  --------------  -------------------
/opt/airflow/dags/crypto_ml_pipeline.py    341  0.00s             0           1  0.03s           2025-08-20T21:17:49
================================================================================
[2025-08-20T21:18:49.813+0000] {manager.py:893} INFO - 
================================================================================
DAG File Processing Stats

File Path                                  PID  Runtime      # DAGs    # Errors  Last Runtime    Last Run
---------------------------------------  -----  ---------  --------  ----------  --------------  -------------------
/opt/airflow/dags/crypto_ml_pipeline.py    346  0.00s             0           1  0.03s           2025-08-20T21:18:19
================================================================================
[2025-08-20T21:19:20.073+0000] {manager.py:893} INFO - 
================================================================================
DAG File Processing Stats

File Path                                  PID  Runtime      # DAGs    # Errors  Last Runtime    Last Run
---------------------------------------  -----  ---------  --------  ----------  --------------  -------------------
/opt/airflow/dags/crypto_ml_pipeline.py    351  0.00s             0           1  0.03s           2025-08-20T21:18:49
================================================================================
[2025-08-20T21:19:50.333+0000] {manager.py:893} INFO - 
================================================================================
DAG File Processing Stats

File Path                                  PID  Runtime      # DAGs    # Errors  Last Runtime    Last Run
---------------------------------------  -----  ---------  --------  ----------  --------------  -------------------
/opt/airflow/dags/crypto_ml_pipeline.py    356  0.00s             0           1  0.03s           2025-08-20T21:19:20
================================================================================
[2025-08-20T21:20:20.601+0000] {manager.py:893} INFO - 
================================================================================
DAG File Processing Stats

File Path                                  PID  Runtime      # DAGs    # Errors  Last Runtime    Last Run
---------------------------------------  -----  ---------  --------  ----------  --------------  -------------------
/opt/airflow/dags/crypto_ml_pipeline.py    361  0.00s             0           1  0.03s           2025-08-20T21:19:50
================================================================================
[2025-08-20T21:20:50.884+0000] {manager.py:893} INFO - 
================================================================================
DAG File Processing Stats

File Path                                  PID  Runtime      # DAGs    # Errors  Last Runtime    Last Run
---------------------------------------  -----  ---------  --------  ----------  --------------  -------------------
/opt/airflow/dags/crypto_ml_pipeline.py    366  0.01s             0           1  0.03s           2025-08-20T21:20:20
================================================================================
[2025-08-20T21:21:13.094+0000] {manager.py:759} INFO - Searching for files in /opt/airflow/dags
[2025-08-20T21:21:13.102+0000] {manager.py:762} INFO - There are 1 files in /opt/airflow/dags
[2025-08-20T21:21:21.199+0000] {manager.py:893} INFO - 
================================================================================
DAG File Processing Stats

File Path                                  PID  Runtime      # DAGs    # Errors  Last Runtime    Last Run
---------------------------------------  -----  ---------  --------  ----------  --------------  -------------------
/opt/airflow/dags/crypto_ml_pipeline.py    371  0.00s             0           1  0.04s           2025-08-20T21:20:50
================================================================================
[2025-08-20T21:21:51.485+0000] {manager.py:893} INFO - 
================================================================================
DAG File Processing Stats

File Path                                  PID  Runtime      # DAGs    # Errors  Last Runtime    Last Run
---------------------------------------  -----  ---------  --------  ----------  --------------  -------------------
/opt/airflow/dags/crypto_ml_pipeline.py    376  0.00s             0           1  0.04s           2025-08-20T21:21:21
================================================================================
[2025-08-20T21:22:21.752+0000] {manager.py:893} INFO - 
================================================================================
DAG File Processing Stats

File Path                                  PID  Runtime      # DAGs    # Errors  Last Runtime    Last Run
---------------------------------------  -----  ---------  --------  ----------  --------------  -------------------
/opt/airflow/dags/crypto_ml_pipeline.py    381  0.00s             0           1  0.03s           2025-08-20T21:21:51
================================================================================
[2025-08-20T21:22:52.006+0000] {manager.py:893} INFO - 
================================================================================
DAG File Processing Stats

File Path                                  PID  Runtime      # DAGs    # Errors  Last Runtime    Last Run
---------------------------------------  -----  ---------  --------  ----------  --------------  -------------------
/opt/airflow/dags/crypto_ml_pipeline.py    386  0.00s             0           1  0.03s           2025-08-20T21:22:21
================================================================================
[2025-08-20T21:23:22.290+0000] {manager.py:893} INFO - 
================================================================================
DAG File Processing Stats

File Path                                  PID  Runtime      # DAGs    # Errors  Last Runtime    Last Run
---------------------------------------  -----  ---------  --------  ----------  --------------  -------------------
/opt/airflow/dags/crypto_ml_pipeline.py    391  0.00s             0           1  0.03s           2025-08-20T21:22:52
================================================================================
[2025-08-20T21:23:52.586+0000] {manager.py:893} INFO - 
================================================================================
DAG File Processing Stats

File Path                                  PID  Runtime      # DAGs    # Errors  Last Runtime    Last Run
---------------------------------------  -----  ---------  --------  ----------  --------------  -------------------
/opt/airflow/dags/crypto_ml_pipeline.py    396  0.00s             0           1  0.03s           2025-08-20T21:23:22
================================================================================
[2025-08-20T21:24:22.880+0000] {manager.py:893} INFO - 
================================================================================
DAG File Processing Stats

File Path                                  PID  Runtime      # DAGs    # Errors  Last Runtime    Last Run
---------------------------------------  -----  ---------  --------  ----------  --------------  -------------------
/opt/airflow/dags/crypto_ml_pipeline.py    401  0.00s             0           1  0.03s           2025-08-20T21:23:52
================================================================================
[2025-08-20T21:24:53.178+0000] {manager.py:893} INFO - 
================================================================================
DAG File Processing Stats

File Path                                  PID  Runtime      # DAGs    # Errors  Last Runtime    Last Run
---------------------------------------  -----  ---------  --------  ----------  --------------  -------------------
/opt/airflow/dags/crypto_ml_pipeline.py    406  0.00s             0           1  0.04s           2025-08-20T21:24:22
================================================================================
[2025-08-20T21:25:23.433+0000] {manager.py:893} INFO - 
================================================================================
DAG File Processing Stats

File Path                                  PID  Runtime      # DAGs    # Errors  Last Runtime    Last Run
---------------------------------------  -----  ---------  --------  ----------  --------------  -------------------
/opt/airflow/dags/crypto_ml_pipeline.py    411  0.00s             0           1  0.03s           2025-08-20T21:24:53
================================================================================
[2025-08-20T21:25:53.704+0000] {manager.py:893} INFO - 
================================================================================
DAG File Processing Stats

File Path                                  PID  Runtime      # DAGs    # Errors  Last Runtime    Last Run
---------------------------------------  -----  ---------  --------  ----------  --------------  -------------------
/opt/airflow/dags/crypto_ml_pipeline.py    416  0.00s             0           1  0.03s           2025-08-20T21:25:23
================================================================================
[2025-08-20T21:26:13.886+0000] {manager.py:759} INFO - Searching for files in /opt/airflow/dags
[2025-08-20T21:26:13.893+0000] {manager.py:762} INFO - There are 1 files in /opt/airflow/dags
[2025-08-20T21:26:24.000+0000] {manager.py:893} INFO - 
================================================================================
DAG File Processing Stats

File Path                                  PID  Runtime      # DAGs    # Errors  Last Runtime    Last Run
---------------------------------------  -----  ---------  --------  ----------  --------------  -------------------
/opt/airflow/dags/crypto_ml_pipeline.py    421  0.00s             0           1  0.04s           2025-08-20T21:25:53
================================================================================
[2025-08-20T21:26:54.232+0000] {manager.py:893} INFO - 
================================================================================
DAG File Processing Stats

File Path                                  PID  Runtime      # DAGs    # Errors  Last Runtime    Last Run
---------------------------------------  -----  ---------  --------  ----------  --------------  -------------------
/opt/airflow/dags/crypto_ml_pipeline.py    426  0.00s             0           1  0.03s           2025-08-20T21:26:24
================================================================================
[2025-08-20T21:27:24.515+0000] {manager.py:893} INFO - 
================================================================================
DAG File Processing Stats

File Path                                  PID  Runtime      # DAGs    # Errors  Last Runtime    Last Run
---------------------------------------  -----  ---------  --------  ----------  --------------  -------------------
/opt/airflow/dags/crypto_ml_pipeline.py    431  0.00s             0           1  0.03s           2025-08-20T21:26:54
================================================================================
[2025-08-20T21:27:54.793+0000] {manager.py:893} INFO - 
================================================================================
DAG File Processing Stats

File Path                                  PID  Runtime      # DAGs    # Errors  Last Runtime    Last Run
---------------------------------------  -----  ---------  --------  ----------  --------------  -------------------
/opt/airflow/dags/crypto_ml_pipeline.py    436  0.00s             0           1  0.03s           2025-08-20T21:27:24
================================================================================
[2025-08-20T21:28:25.056+0000] {manager.py:893} INFO - 
================================================================================
DAG File Processing Stats

File Path                                  PID  Runtime      # DAGs    # Errors  Last Runtime    Last Run
---------------------------------------  -----  ---------  --------  ----------  --------------  -------------------
/opt/airflow/dags/crypto_ml_pipeline.py    441  0.00s             0           1  0.03s           2025-08-20T21:27:54
================================================================================
[2025-08-20T21:28:55.344+0000] {manager.py:893} INFO - 
================================================================================
DAG File Processing Stats

File Path                                  PID  Runtime      # DAGs    # Errors  Last Runtime    Last Run
---------------------------------------  -----  ---------  --------  ----------  --------------  -------------------
/opt/airflow/dags/crypto_ml_pipeline.py    446  0.00s             0           1  0.03s           2025-08-20T21:28:25
================================================================================
[2025-08-20T21:29:25.594+0000] {manager.py:893} INFO - 
================================================================================
DAG File Processing Stats

File Path                                  PID  Runtime      # DAGs    # Errors  Last Runtime    Last Run
---------------------------------------  -----  ---------  --------  ----------  --------------  -------------------
/opt/airflow/dags/crypto_ml_pipeline.py    451  0.00s             0           1  0.03s           2025-08-20T21:28:55
================================================================================
[2025-08-20T21:29:55.856+0000] {manager.py:893} INFO - 
================================================================================
DAG File Processing Stats

File Path                                  PID  Runtime      # DAGs    # Errors  Last Runtime    Last Run
---------------------------------------  -----  ---------  --------  ----------  --------------  -------------------
/opt/airflow/dags/crypto_ml_pipeline.py    456  0.00s             0           1  0.03s           2025-08-20T21:29:25
================================================================================
[2025-08-20T21:30:26.131+0000] {manager.py:893} INFO - 
================================================================================
DAG File Processing Stats

File Path                                  PID  Runtime      # DAGs    # Errors  Last Runtime    Last Run
---------------------------------------  -----  ---------  --------  ----------  --------------  -------------------
/opt/airflow/dags/crypto_ml_pipeline.py    461  0.00s             0           1  0.03s           2025-08-20T21:29:55
================================================================================
[2025-08-20T21:30:56.400+0000] {manager.py:893} INFO - 
================================================================================
DAG File Processing Stats

File Path                                  PID  Runtime      # DAGs    # Errors  Last Runtime    Last Run
---------------------------------------  -----  ---------  --------  ----------  --------------  -------------------
/opt/airflow/dags/crypto_ml_pipeline.py    466  0.00s             0           1  0.03s           2025-08-20T21:30:26
================================================================================
[2025-08-20T21:31:14.568+0000] {manager.py:759} INFO - Searching for files in /opt/airflow/dags
[2025-08-20T21:31:14.577+0000] {manager.py:762} INFO - There are 1 files in /opt/airflow/dags
[2025-08-20T21:31:26.707+0000] {manager.py:893} INFO - 
================================================================================
DAG File Processing Stats

File Path                                  PID  Runtime      # DAGs    # Errors  Last Runtime    Last Run
---------------------------------------  -----  ---------  --------  ----------  --------------  -------------------
/opt/airflow/dags/crypto_ml_pipeline.py    471  0.00s             0           1  0.03s           2025-08-20T21:30:56
================================================================================
[2025-08-20T21:31:56.986+0000] {manager.py:893} INFO - 
================================================================================
DAG File Processing Stats

File Path                                  PID  Runtime      # DAGs    # Errors  Last Runtime    Last Run
---------------------------------------  -----  ---------  --------  ----------  --------------  -------------------
/opt/airflow/dags/crypto_ml_pipeline.py    476  0.01s             0           1  0.03s           2025-08-20T21:31:26
================================================================================
