[2025-08-22T09:44:56.261+0000] {taskinstance.py:1159} INFO - Dependencies all met for dep_context=non-requeueable deps ti=<TaskInstance: crypto_ml_pipeline.process_crypto_data manual__2025-08-22T09:44:45.173506+00:00 [queued]>
[2025-08-22T09:44:56.264+0000] {taskinstance.py:1159} INFO - Dependencies all met for dep_context=requeueable deps ti=<TaskInstance: crypto_ml_pipeline.process_crypto_data manual__2025-08-22T09:44:45.173506+00:00 [queued]>
[2025-08-22T09:44:56.264+0000] {taskinstance.py:1361} INFO - Starting attempt 1 of 2
[2025-08-22T09:44:56.268+0000] {taskinstance.py:1382} INFO - Executing <Task(PythonOperator): process_crypto_data> on 2025-08-22 09:44:45.173506+00:00
[2025-08-22T09:44:56.274+0000] {standard_task_runner.py:57} INFO - Started process 2401 to run task
[2025-08-22T09:44:56.276+0000] {standard_task_runner.py:84} INFO - Running: ['airflow', 'tasks', 'run', 'crypto_ml_pipeline', 'process_crypto_data', 'manual__2025-08-22T09:44:45.173506+00:00', '--job-id', '58', '--raw', '--subdir', 'DAGS_FOLDER/crypto_ml_pipeline.py', '--cfg-path', '/tmp/tmph9pc_1pk']
[2025-08-22T09:44:56.277+0000] {standard_task_runner.py:85} INFO - Job 58: Subtask process_crypto_data
[2025-08-22T09:44:56.294+0000] {task_command.py:416} INFO - Running <TaskInstance: crypto_ml_pipeline.process_crypto_data manual__2025-08-22T09:44:45.173506+00:00 [running]> on host 5033b4395e85
[2025-08-22T09:44:56.321+0000] {taskinstance.py:1662} INFO - Exporting env vars: AIRFLOW_CTX_DAG_OWNER='crypto-mlops' AIRFLOW_CTX_DAG_ID='crypto_ml_pipeline' AIRFLOW_CTX_TASK_ID='process_crypto_data' AIRFLOW_CTX_EXECUTION_DATE='2025-08-22T09:44:45.173506+00:00' AIRFLOW_CTX_TRY_NUMBER='1' AIRFLOW_CTX_DAG_RUN_ID='manual__2025-08-22T09:44:45.173506+00:00'
[2025-08-22T09:44:56.322+0000] {logging_mixin.py:151} INFO - ⚙️ Processing crypto data...
[2025-08-22T09:44:56.333+0000] {logging_mixin.py:151} INFO - 📥 Downloaded data from MinIO: 4 symbols
[2025-08-22T09:44:56.347+0000] {logging_mixin.py:151} INFO - ✅ Processed 929 clean records for BTC_USDT
[2025-08-22T09:44:56.352+0000] {logging_mixin.py:151} INFO - ✅ Processed 929 clean records for ETH_USDT
[2025-08-22T09:44:56.357+0000] {logging_mixin.py:151} INFO - ✅ Processed 929 clean records for BNB_USDT
[2025-08-22T09:44:56.362+0000] {logging_mixin.py:151} INFO - ✅ Processed 929 clean records for ADA_USDT
[2025-08-22T09:44:56.421+0000] {logging_mixin.py:151} INFO - 📁 Processed data uploaded: processed-data/processed_crypto_2025-08-22.json
[2025-08-22T09:44:56.423+0000] {python.py:194} INFO - Done. Returned value was: processed-data/processed_crypto_2025-08-22.json
[2025-08-22T09:44:56.430+0000] {taskinstance.py:1400} INFO - Marking task as SUCCESS. dag_id=crypto_ml_pipeline, task_id=process_crypto_data, execution_date=20250822T094445, start_date=20250822T094456, end_date=20250822T094456
[2025-08-22T09:44:56.454+0000] {local_task_job_runner.py:228} INFO - Task exited with return code 0
[2025-08-22T09:44:56.463+0000] {taskinstance.py:2778} INFO - 1 downstream tasks scheduled from follow-on schedule check
