[2025-08-22T11:01:28.498+0000] {taskinstance.py:1159} INFO - Dependencies all met for dep_context=non-requeueable deps ti=<TaskInstance: crypto_ml_pipeline.process_crypto_data scheduled__2025-08-22T04:55:53.036351+00:00 [queued]>
[2025-08-22T11:01:28.501+0000] {taskinstance.py:1159} INFO - Dependencies all met for dep_context=requeueable deps ti=<TaskInstance: crypto_ml_pipeline.process_crypto_data scheduled__2025-08-22T04:55:53.036351+00:00 [queued]>
[2025-08-22T11:01:28.501+0000] {taskinstance.py:1361} INFO - Starting attempt 1 of 2
[2025-08-22T11:01:28.506+0000] {taskinstance.py:1382} INFO - Executing <Task(PythonOperator): process_crypto_data> on 2025-08-22 04:55:53.036351+00:00
[2025-08-22T11:01:28.510+0000] {standard_task_runner.py:57} INFO - Started process 2972 to run task
[2025-08-22T11:01:28.513+0000] {standard_task_runner.py:84} INFO - Running: ['airflow', 'tasks', 'run', 'crypto_ml_pipeline', 'process_crypto_data', 'scheduled__2025-08-22T04:55:53.036351+00:00', '--job-id', '10', '--raw', '--subdir', 'DAGS_FOLDER/crypto_ml_pipeline.py', '--cfg-path', '/tmp/tmp_h9r6s74']
[2025-08-22T11:01:28.514+0000] {standard_task_runner.py:85} INFO - Job 10: Subtask process_crypto_data
[2025-08-22T11:01:28.533+0000] {task_command.py:416} INFO - Running <TaskInstance: crypto_ml_pipeline.process_crypto_data scheduled__2025-08-22T04:55:53.036351+00:00 [running]> on host 59731cef348d
[2025-08-22T11:01:28.562+0000] {taskinstance.py:1662} INFO - Exporting env vars: AIRFLOW_CTX_DAG_OWNER='crypto-mlops' AIRFLOW_CTX_DAG_ID='crypto_ml_pipeline' AIRFLOW_CTX_TASK_ID='process_crypto_data' AIRFLOW_CTX_EXECUTION_DATE='2025-08-22T04:55:53.036351+00:00' AIRFLOW_CTX_TRY_NUMBER='1' AIRFLOW_CTX_DAG_RUN_ID='scheduled__2025-08-22T04:55:53.036351+00:00'
[2025-08-22T11:01:28.563+0000] {logging_mixin.py:151} INFO - ⚙️ Processing crypto data...
[2025-08-22T11:01:28.579+0000] {logging_mixin.py:151} INFO - 📥 Downloaded data from MinIO: 4 symbols
[2025-08-22T11:01:28.591+0000] {logging_mixin.py:151} INFO - ✅ Processed 929 clean records for BTC_USDT
[2025-08-22T11:01:28.596+0000] {logging_mixin.py:151} INFO - ✅ Processed 929 clean records for ETH_USDT
[2025-08-22T11:01:28.601+0000] {logging_mixin.py:151} INFO - ✅ Processed 929 clean records for BNB_USDT
[2025-08-22T11:01:28.606+0000] {logging_mixin.py:151} INFO - ✅ Processed 929 clean records for ADA_USDT
[2025-08-22T11:01:28.667+0000] {logging_mixin.py:151} INFO - 📁 Processed data uploaded: processed-data/processed_crypto_2025-08-22.json
[2025-08-22T11:01:28.668+0000] {python.py:194} INFO - Done. Returned value was: processed-data/processed_crypto_2025-08-22.json
[2025-08-22T11:01:28.675+0000] {taskinstance.py:1400} INFO - Marking task as SUCCESS. dag_id=crypto_ml_pipeline, task_id=process_crypto_data, execution_date=20250822T045553, start_date=20250822T110128, end_date=20250822T110128
[2025-08-22T11:01:28.696+0000] {local_task_job_runner.py:228} INFO - Task exited with return code 0
[2025-08-22T11:01:28.706+0000] {taskinstance.py:2778} INFO - 1 downstream tasks scheduled from follow-on schedule check
