[2025-08-22T04:36:35.528+0000] {taskinstance.py:1159} INFO - Dependencies all met for dep_context=non-requeueable deps ti=<TaskInstance: crypto_ml_pipeline.process_crypto_data manual__2025-08-22T04:36:26.359627+00:00 [queued]>
[2025-08-22T04:36:35.531+0000] {taskinstance.py:1159} INFO - Dependencies all met for dep_context=requeueable deps ti=<TaskInstance: crypto_ml_pipeline.process_crypto_data manual__2025-08-22T04:36:26.359627+00:00 [queued]>
[2025-08-22T04:36:35.531+0000] {taskinstance.py:1361} INFO - Starting attempt 1 of 2
[2025-08-22T04:36:35.535+0000] {taskinstance.py:1382} INFO - Executing <Task(PythonOperator): process_crypto_data> on 2025-08-22 04:36:26.359627+00:00
[2025-08-22T04:36:35.541+0000] {standard_task_runner.py:57} INFO - Started process 217 to run task
[2025-08-22T04:36:35.543+0000] {standard_task_runner.py:84} INFO - Running: ['airflow', 'tasks', 'run', 'crypto_ml_pipeline', 'process_crypto_data', 'manual__2025-08-22T04:36:26.359627+00:00', '--job-id', '40', '--raw', '--subdir', 'DAGS_FOLDER/crypto_ml_pipeline.py', '--cfg-path', '/tmp/tmpgvc5vuwy']
[2025-08-22T04:36:35.544+0000] {standard_task_runner.py:85} INFO - Job 40: Subtask process_crypto_data
[2025-08-22T04:36:35.561+0000] {task_command.py:416} INFO - Running <TaskInstance: crypto_ml_pipeline.process_crypto_data manual__2025-08-22T04:36:26.359627+00:00 [running]> on host 81241e9dba5d
[2025-08-22T04:36:35.588+0000] {taskinstance.py:1662} INFO - Exporting env vars: AIRFLOW_CTX_DAG_OWNER='crypto-mlops' AIRFLOW_CTX_DAG_ID='crypto_ml_pipeline' AIRFLOW_CTX_TASK_ID='process_crypto_data' AIRFLOW_CTX_EXECUTION_DATE='2025-08-22T04:36:26.359627+00:00' AIRFLOW_CTX_TRY_NUMBER='1' AIRFLOW_CTX_DAG_RUN_ID='manual__2025-08-22T04:36:26.359627+00:00'
[2025-08-22T04:36:35.589+0000] {logging_mixin.py:151} INFO - ⚙️ Processing crypto data...
[2025-08-22T04:36:35.600+0000] {logging_mixin.py:151} INFO - 📥 Downloaded data from MinIO: 4 symbols
[2025-08-22T04:36:35.612+0000] {logging_mixin.py:151} INFO - ✅ Processed 929 clean records for BTC_USDT
[2025-08-22T04:36:35.617+0000] {logging_mixin.py:151} INFO - ✅ Processed 929 clean records for ETH_USDT
[2025-08-22T04:36:35.622+0000] {logging_mixin.py:151} INFO - ✅ Processed 929 clean records for BNB_USDT
[2025-08-22T04:36:35.627+0000] {logging_mixin.py:151} INFO - ✅ Processed 929 clean records for ADA_USDT
[2025-08-22T04:36:35.713+0000] {logging_mixin.py:151} INFO - 📁 Processed data uploaded: processed-data/processed_crypto_2025-08-22.json
[2025-08-22T04:36:35.715+0000] {python.py:194} INFO - Done. Returned value was: processed-data/processed_crypto_2025-08-22.json
[2025-08-22T04:36:35.724+0000] {taskinstance.py:1400} INFO - Marking task as SUCCESS. dag_id=crypto_ml_pipeline, task_id=process_crypto_data, execution_date=20250822T043626, start_date=20250822T043635, end_date=20250822T043635
[2025-08-22T04:36:35.763+0000] {local_task_job_runner.py:228} INFO - Task exited with return code 0
[2025-08-22T04:36:35.777+0000] {taskinstance.py:2778} INFO - 1 downstream tasks scheduled from follow-on schedule check
