[2025-08-22T04:00:12.108+0000] {taskinstance.py:1157} INFO - Dependencies all met for dep_context=non-requeueable deps ti=<TaskInstance: crypto_ml_pipeline.process_crypto_data manual__2025-08-22T03:59:58.524330+00:00 [queued]>
[2025-08-22T04:00:12.110+0000] {taskinstance.py:1157} INFO - Dependencies all met for dep_context=requeueable deps ti=<TaskInstance: crypto_ml_pipeline.process_crypto_data manual__2025-08-22T03:59:58.524330+00:00 [queued]>
[2025-08-22T04:00:12.111+0000] {taskinstance.py:1359} INFO - Starting attempt 1 of 2
[2025-08-22T04:00:12.115+0000] {taskinstance.py:1380} INFO - Executing <Task(PythonOperator): process_crypto_data> on 2025-08-22 03:59:58.524330+00:00
[2025-08-22T04:00:12.120+0000] {standard_task_runner.py:57} INFO - Started process 227 to run task
[2025-08-22T04:00:12.121+0000] {standard_task_runner.py:84} INFO - Running: ['airflow', 'tasks', 'run', 'crypto_ml_pipeline', 'process_crypto_data', 'manual__2025-08-22T03:59:58.524330+00:00', '--job-id', '26', '--raw', '--subdir', 'DAGS_FOLDER/crypto_ml_pipeline.py', '--cfg-path', '/tmp/tmpr0x_i3vy']
[2025-08-22T04:00:12.123+0000] {standard_task_runner.py:85} INFO - Job 26: Subtask process_crypto_data
[2025-08-22T04:00:12.141+0000] {task_command.py:415} INFO - Running <TaskInstance: crypto_ml_pipeline.process_crypto_data manual__2025-08-22T03:59:58.524330+00:00 [running]> on host ff4f71f01967
[2025-08-22T04:00:12.166+0000] {taskinstance.py:1660} INFO - Exporting env vars: AIRFLOW_CTX_DAG_OWNER='crypto-mlops' AIRFLOW_CTX_DAG_ID='crypto_ml_pipeline' AIRFLOW_CTX_TASK_ID='process_crypto_data' AIRFLOW_CTX_EXECUTION_DATE='2025-08-22T03:59:58.524330+00:00' AIRFLOW_CTX_TRY_NUMBER='1' AIRFLOW_CTX_DAG_RUN_ID='manual__2025-08-22T03:59:58.524330+00:00'
[2025-08-22T04:00:12.166+0000] {logging_mixin.py:151} INFO - ⚙️ Processing crypto data...
[2025-08-22T04:00:12.180+0000] {logging_mixin.py:151} INFO - 📥 Downloaded data from MinIO: 4 symbols
[2025-08-22T04:00:12.191+0000] {logging_mixin.py:151} INFO - ✅ Processed 929 clean records for BTC_USDT
[2025-08-22T04:00:12.196+0000] {logging_mixin.py:151} INFO - ✅ Processed 929 clean records for ETH_USDT
[2025-08-22T04:00:12.202+0000] {logging_mixin.py:151} INFO - ✅ Processed 929 clean records for BNB_USDT
[2025-08-22T04:00:12.207+0000] {logging_mixin.py:151} INFO - ✅ Processed 929 clean records for ADA_USDT
[2025-08-22T04:00:12.281+0000] {logging_mixin.py:151} INFO - 📁 Processed data uploaded: processed-data/processed_crypto_2025-08-22.json
[2025-08-22T04:00:12.282+0000] {python.py:194} INFO - Done. Returned value was: processed-data/processed_crypto_2025-08-22.json
[2025-08-22T04:00:12.290+0000] {taskinstance.py:1398} INFO - Marking task as SUCCESS. dag_id=crypto_ml_pipeline, task_id=process_crypto_data, execution_date=20250822T035958, start_date=20250822T040012, end_date=20250822T040012
[2025-08-22T04:00:12.304+0000] {local_task_job_runner.py:228} INFO - Task exited with return code 0
[2025-08-22T04:00:12.314+0000] {taskinstance.py:2776} INFO - 1 downstream tasks scheduled from follow-on schedule check
