[2025-08-22T12:23:07.021+0000] {taskinstance.py:1159} INFO - Dependencies all met for dep_context=non-requeueable deps ti=<TaskInstance: crypto_ml_pipeline.process_crypto_data scheduled__2025-08-22T06:22:37.143862+00:00 [queued]>
[2025-08-22T12:23:07.026+0000] {taskinstance.py:1159} INFO - Dependencies all met for dep_context=requeueable deps ti=<TaskInstance: crypto_ml_pipeline.process_crypto_data scheduled__2025-08-22T06:22:37.143862+00:00 [queued]>
[2025-08-22T12:23:07.026+0000] {taskinstance.py:1361} INFO - Starting attempt 1 of 2
[2025-08-22T12:23:07.031+0000] {taskinstance.py:1382} INFO - Executing <Task(PythonOperator): process_crypto_data> on 2025-08-22 06:22:37.143862+00:00
[2025-08-22T12:23:07.041+0000] {standard_task_runner.py:57} INFO - Started process 265 to run task
[2025-08-22T12:23:07.043+0000] {standard_task_runner.py:84} INFO - Running: ['airflow', 'tasks', 'run', 'crypto_ml_pipeline', 'process_crypto_data', 'scheduled__2025-08-22T06:22:37.143862+00:00', '--job-id', '5', '--raw', '--subdir', 'DAGS_FOLDER/crypto_ml_pipeline.py', '--cfg-path', '/tmp/tmplcyzri3r']
[2025-08-22T12:23:07.045+0000] {standard_task_runner.py:85} INFO - Job 5: Subtask process_crypto_data
[2025-08-22T12:23:07.063+0000] {task_command.py:416} INFO - Running <TaskInstance: crypto_ml_pipeline.process_crypto_data scheduled__2025-08-22T06:22:37.143862+00:00 [running]> on host 47cb7092c4be
[2025-08-22T12:23:07.089+0000] {taskinstance.py:1662} INFO - Exporting env vars: AIRFLOW_CTX_DAG_OWNER='crypto-mlops' AIRFLOW_CTX_DAG_ID='crypto_ml_pipeline' AIRFLOW_CTX_TASK_ID='process_crypto_data' AIRFLOW_CTX_EXECUTION_DATE='2025-08-22T06:22:37.143862+00:00' AIRFLOW_CTX_TRY_NUMBER='1' AIRFLOW_CTX_DAG_RUN_ID='scheduled__2025-08-22T06:22:37.143862+00:00'
[2025-08-22T12:23:07.090+0000] {logging_mixin.py:151} INFO - ⚙️ Processing crypto data...
[2025-08-22T12:23:07.104+0000] {logging_mixin.py:151} INFO - 📥 Downloaded data from MinIO: 4 symbols
[2025-08-22T12:23:07.119+0000] {logging_mixin.py:151} INFO - ✅ Processed 929 clean records for BTC_USDT
[2025-08-22T12:23:07.123+0000] {logging_mixin.py:151} INFO - ✅ Processed 929 clean records for ETH_USDT
[2025-08-22T12:23:07.128+0000] {logging_mixin.py:151} INFO - ✅ Processed 929 clean records for BNB_USDT
[2025-08-22T12:23:07.132+0000] {logging_mixin.py:151} INFO - ✅ Processed 929 clean records for ADA_USDT
[2025-08-22T12:23:07.188+0000] {logging_mixin.py:151} INFO - 📁 Processed data uploaded: processed-data/processed_crypto_2025-08-22.json
[2025-08-22T12:23:07.189+0000] {python.py:194} INFO - Done. Returned value was: processed-data/processed_crypto_2025-08-22.json
[2025-08-22T12:23:07.198+0000] {taskinstance.py:1400} INFO - Marking task as SUCCESS. dag_id=crypto_ml_pipeline, task_id=process_crypto_data, execution_date=20250822T062237, start_date=20250822T122307, end_date=20250822T122307
[2025-08-22T12:23:07.221+0000] {local_task_job_runner.py:228} INFO - Task exited with return code 0
[2025-08-22T12:23:07.233+0000] {taskinstance.py:2778} INFO - 1 downstream tasks scheduled from follow-on schedule check
