[2025-08-21T17:34:49.272+0000] {taskinstance.py:1157} INFO - Dependencies all met for dep_context=non-requeueable deps ti=<TaskInstance: crypto_ml_pipeline.process_crypto_data scheduled__2025-08-21T11:34:36.426960+00:00 [queued]>
[2025-08-21T17:34:49.274+0000] {taskinstance.py:1157} INFO - Dependencies all met for dep_context=requeueable deps ti=<TaskInstance: crypto_ml_pipeline.process_crypto_data scheduled__2025-08-21T11:34:36.426960+00:00 [queued]>
[2025-08-21T17:34:49.275+0000] {taskinstance.py:1359} INFO - Starting attempt 1 of 2
[2025-08-21T17:34:49.280+0000] {taskinstance.py:1380} INFO - Executing <Task(PythonOperator): process_crypto_data> on 2025-08-21 11:34:36.426960+00:00
[2025-08-21T17:34:49.283+0000] {standard_task_runner.py:57} INFO - Started process 1970 to run task
[2025-08-21T17:34:49.285+0000] {standard_task_runner.py:84} INFO - Running: ['airflow', 'tasks', 'run', 'crypto_ml_pipeline', 'process_crypto_data', 'scheduled__2025-08-21T11:34:36.426960+00:00', '--job-id', '27', '--raw', '--subdir', 'DAGS_FOLDER/crypto_ml_pipeline.py', '--cfg-path', '/tmp/tmpu02gt11s']
[2025-08-21T17:34:49.286+0000] {standard_task_runner.py:85} INFO - Job 27: Subtask process_crypto_data
[2025-08-21T17:34:49.308+0000] {task_command.py:415} INFO - Running <TaskInstance: crypto_ml_pipeline.process_crypto_data scheduled__2025-08-21T11:34:36.426960+00:00 [running]> on host 4a23fab12d5a
[2025-08-21T17:34:49.339+0000] {taskinstance.py:1660} INFO - Exporting env vars: AIRFLOW_CTX_DAG_OWNER='crypto-mlops' AIRFLOW_CTX_DAG_ID='crypto_ml_pipeline' AIRFLOW_CTX_TASK_ID='process_crypto_data' AIRFLOW_CTX_EXECUTION_DATE='2025-08-21T11:34:36.426960+00:00' AIRFLOW_CTX_TRY_NUMBER='1' AIRFLOW_CTX_DAG_RUN_ID='scheduled__2025-08-21T11:34:36.426960+00:00'
[2025-08-21T17:34:49.340+0000] {logging_mixin.py:151} INFO - ⚙️ Processing crypto data...
[2025-08-21T17:34:49.352+0000] {logging_mixin.py:151} INFO - 📥 Downloaded data from MinIO: 4 symbols
[2025-08-21T17:34:49.366+0000] {logging_mixin.py:151} INFO - ✅ Processed 929 clean records for BTC_USDT
[2025-08-21T17:34:49.371+0000] {logging_mixin.py:151} INFO - ✅ Processed 929 clean records for ETH_USDT
[2025-08-21T17:34:49.376+0000] {logging_mixin.py:151} INFO - ✅ Processed 929 clean records for BNB_USDT
[2025-08-21T17:34:49.381+0000] {logging_mixin.py:151} INFO - ✅ Processed 929 clean records for ADA_USDT
[2025-08-21T17:34:49.446+0000] {logging_mixin.py:151} INFO - 📁 Processed data uploaded: processed-data/processed_crypto_2025-08-21.json
[2025-08-21T17:34:49.447+0000] {python.py:194} INFO - Done. Returned value was: processed-data/processed_crypto_2025-08-21.json
[2025-08-21T17:34:49.455+0000] {taskinstance.py:1398} INFO - Marking task as SUCCESS. dag_id=crypto_ml_pipeline, task_id=process_crypto_data, execution_date=20250821T113436, start_date=20250821T173449, end_date=20250821T173449
[2025-08-21T17:34:49.464+0000] {local_task_job_runner.py:228} INFO - Task exited with return code 0
[2025-08-21T17:34:49.474+0000] {taskinstance.py:2776} INFO - 1 downstream tasks scheduled from follow-on schedule check
