[2025-08-21T19:27:14.037+0000] {taskinstance.py:1157} INFO - Dependencies all met for dep_context=non-requeueable deps ti=<TaskInstance: crypto_ml_pipeline.process_crypto_data manual__2025-08-21T19:27:03.598932+00:00 [queued]>
[2025-08-21T19:27:14.040+0000] {taskinstance.py:1157} INFO - Dependencies all met for dep_context=requeueable deps ti=<TaskInstance: crypto_ml_pipeline.process_crypto_data manual__2025-08-21T19:27:03.598932+00:00 [queued]>
[2025-08-21T19:27:14.040+0000] {taskinstance.py:1359} INFO - Starting attempt 1 of 2
[2025-08-21T19:27:14.045+0000] {taskinstance.py:1380} INFO - Executing <Task(PythonOperator): process_crypto_data> on 2025-08-21 19:27:03.598932+00:00
[2025-08-21T19:27:14.050+0000] {standard_task_runner.py:57} INFO - Started process 269 to run task
[2025-08-21T19:27:14.052+0000] {standard_task_runner.py:84} INFO - Running: ['airflow', 'tasks', 'run', 'crypto_ml_pipeline', 'process_crypto_data', 'manual__2025-08-21T19:27:03.598932+00:00', '--job-id', '63', '--raw', '--subdir', 'DAGS_FOLDER/crypto_ml_pipeline.py', '--cfg-path', '/tmp/tmpw9d5mb6t']
[2025-08-21T19:27:14.053+0000] {standard_task_runner.py:85} INFO - Job 63: Subtask process_crypto_data
[2025-08-21T19:27:14.070+0000] {task_command.py:415} INFO - Running <TaskInstance: crypto_ml_pipeline.process_crypto_data manual__2025-08-21T19:27:03.598932+00:00 [running]> on host 0c11a7ad4cdf
[2025-08-21T19:27:14.097+0000] {taskinstance.py:1660} INFO - Exporting env vars: AIRFLOW_CTX_DAG_OWNER='crypto-mlops' AIRFLOW_CTX_DAG_ID='crypto_ml_pipeline' AIRFLOW_CTX_TASK_ID='process_crypto_data' AIRFLOW_CTX_EXECUTION_DATE='2025-08-21T19:27:03.598932+00:00' AIRFLOW_CTX_TRY_NUMBER='1' AIRFLOW_CTX_DAG_RUN_ID='manual__2025-08-21T19:27:03.598932+00:00'
[2025-08-21T19:27:14.097+0000] {logging_mixin.py:151} INFO - ⚙️ Processing crypto data...
[2025-08-21T19:27:14.109+0000] {logging_mixin.py:151} INFO - 📥 Downloaded data from MinIO: 4 symbols
[2025-08-21T19:27:14.123+0000] {logging_mixin.py:151} INFO - ✅ Processed 929 clean records for BTC_USDT
[2025-08-21T19:27:14.132+0000] {logging_mixin.py:151} INFO - ✅ Processed 929 clean records for ETH_USDT
[2025-08-21T19:27:14.139+0000] {logging_mixin.py:151} INFO - ✅ Processed 929 clean records for BNB_USDT
[2025-08-21T19:27:14.146+0000] {logging_mixin.py:151} INFO - ✅ Processed 929 clean records for ADA_USDT
[2025-08-21T19:27:14.212+0000] {logging_mixin.py:151} INFO - 📁 Processed data uploaded: processed-data/processed_crypto_2025-08-21.json
[2025-08-21T19:27:14.213+0000] {python.py:194} INFO - Done. Returned value was: processed-data/processed_crypto_2025-08-21.json
[2025-08-21T19:27:14.221+0000] {taskinstance.py:1398} INFO - Marking task as SUCCESS. dag_id=crypto_ml_pipeline, task_id=process_crypto_data, execution_date=20250821T192703, start_date=20250821T192714, end_date=20250821T192714
[2025-08-21T19:27:14.236+0000] {local_task_job_runner.py:228} INFO - Task exited with return code 0
[2025-08-21T19:27:14.245+0000] {taskinstance.py:2776} INFO - 1 downstream tasks scheduled from follow-on schedule check
